<?xml version="1.0" encoding="UTF-8"?>
<testsuite xmlns:xsi="http://www.w3.org/2001/XMLSchema-instance" xsi:noNamespaceSchemaLocation="https://maven.apache.org/surefire/maven-surefire-plugin/xsd/surefire-test-report.xsd" name="com.atguigu.spring_boot_helloworld.SpringBootHelloworldApplicationTests" time="5.009" tests="1" errors="0" skipped="0" failures="0">
  <properties>
    <property name="sun.desktop" value="windows"/>
    <property name="awt.toolkit" value="sun.awt.windows.WToolkit"/>
    <property name="file.encoding.pkg" value="sun.io"/>
    <property name="java.specification.version" value="1.8"/>
    <property name="sun.cpu.isalist" value="amd64"/>
    <property name="sun.jnu.encoding" value="GBK"/>
    <property name="java.class.path" value="E:\suiyu\backEnginner\spring_boot_helloworld\target\test-classes;E:\suiyu\backEnginner\spring_boot_helloworld\target\classes;D:\Maven\apache-maven_prosi-3.8.3\org\springframework\boot\spring-boot-starter-web\2.5.6\spring-boot-starter-web-2.5.6.jar;D:\Maven\apache-maven_prosi-3.8.3\org\springframework\boot\spring-boot-starter\2.5.6\spring-boot-starter-2.5.6.jar;D:\Maven\apache-maven_prosi-3.8.3\org\springframework\boot\spring-boot\2.5.6\spring-boot-2.5.6.jar;D:\Maven\apache-maven_prosi-3.8.3\org\springframework\boot\spring-boot-autoconfigure\2.5.6\spring-boot-autoconfigure-2.5.6.jar;D:\Maven\apache-maven_prosi-3.8.3\org\springframework\boot\spring-boot-starter-logging\2.5.6\spring-boot-starter-logging-2.5.6.jar;D:\Maven\apache-maven_prosi-3.8.3\ch\qos\logback\logback-classic\1.2.6\logback-classic-1.2.6.jar;D:\Maven\apache-maven_prosi-3.8.3\ch\qos\logback\logback-core\1.2.6\logback-core-1.2.6.jar;D:\Maven\apache-maven_prosi-3.8.3\org\apache\logging\log4j\log4j-to-slf4j\2.14.1\log4j-to-slf4j-2.14.1.jar;D:\Maven\apache-maven_prosi-3.8.3\org\apache\logging\log4j\log4j-api\2.14.1\log4j-api-2.14.1.jar;D:\Maven\apache-maven_prosi-3.8.3\org\slf4j\jul-to-slf4j\1.7.32\jul-to-slf4j-1.7.32.jar;D:\Maven\apache-maven_prosi-3.8.3\jakarta\annotation\jakarta.annotation-api\1.3.5\jakarta.annotation-api-1.3.5.jar;D:\Maven\apache-maven_prosi-3.8.3\org\yaml\snakeyaml\1.28\snakeyaml-1.28.jar;D:\Maven\apache-maven_prosi-3.8.3\org\springframework\boot\spring-boot-starter-json\2.5.6\spring-boot-starter-json-2.5.6.jar;D:\Maven\apache-maven_prosi-3.8.3\com\fasterxml\jackson\core\jackson-databind\2.12.5\jackson-databind-2.12.5.jar;D:\Maven\apache-maven_prosi-3.8.3\com\fasterxml\jackson\core\jackson-annotations\2.12.5\jackson-annotations-2.12.5.jar;D:\Maven\apache-maven_prosi-3.8.3\com\fasterxml\jackson\core\jackson-core\2.12.5\jackson-core-2.12.5.jar;D:\Maven\apache-maven_prosi-3.8.3\com\fasterxml\jackson\datatype\jackson-datatype-jdk8\2.12.5\jackson-datatype-jdk8-2.12.5.jar;D:\Maven\apache-maven_prosi-3.8.3\com\fasterxml\jackson\datatype\jackson-datatype-jsr310\2.12.5\jackson-datatype-jsr310-2.12.5.jar;D:\Maven\apache-maven_prosi-3.8.3\com\fasterxml\jackson\module\jackson-module-parameter-names\2.12.5\jackson-module-parameter-names-2.12.5.jar;D:\Maven\apache-maven_prosi-3.8.3\org\springframework\boot\spring-boot-starter-tomcat\2.5.6\spring-boot-starter-tomcat-2.5.6.jar;D:\Maven\apache-maven_prosi-3.8.3\org\apache\tomcat\embed\tomcat-embed-core\9.0.54\tomcat-embed-core-9.0.54.jar;D:\Maven\apache-maven_prosi-3.8.3\org\apache\tomcat\embed\tomcat-embed-el\9.0.54\tomcat-embed-el-9.0.54.jar;D:\Maven\apache-maven_prosi-3.8.3\org\apache\tomcat\embed\tomcat-embed-websocket\9.0.54\tomcat-embed-websocket-9.0.54.jar;D:\Maven\apache-maven_prosi-3.8.3\org\springframework\spring-web\5.3.12\spring-web-5.3.12.jar;D:\Maven\apache-maven_prosi-3.8.3\org\springframework\spring-beans\5.3.12\spring-beans-5.3.12.jar;D:\Maven\apache-maven_prosi-3.8.3\org\springframework\spring-webmvc\5.3.12\spring-webmvc-5.3.12.jar;D:\Maven\apache-maven_prosi-3.8.3\org\springframework\spring-aop\5.3.12\spring-aop-5.3.12.jar;D:\Maven\apache-maven_prosi-3.8.3\org\springframework\spring-context\5.3.12\spring-context-5.3.12.jar;D:\Maven\apache-maven_prosi-3.8.3\org\springframework\spring-expression\5.3.12\spring-expression-5.3.12.jar;D:\Maven\apache-maven_prosi-3.8.3\org\springframework\boot\spring-boot-starter-test\2.5.6\spring-boot-starter-test-2.5.6.jar;D:\Maven\apache-maven_prosi-3.8.3\org\springframework\boot\spring-boot-test\2.5.6\spring-boot-test-2.5.6.jar;D:\Maven\apache-maven_prosi-3.8.3\org\springframework\boot\spring-boot-test-autoconfigure\2.5.6\spring-boot-test-autoconfigure-2.5.6.jar;D:\Maven\apache-maven_prosi-3.8.3\com\jayway\jsonpath\json-path\2.5.0\json-path-2.5.0.jar;D:\Maven\apache-maven_prosi-3.8.3\net\minidev\json-smart\2.4.7\json-smart-2.4.7.jar;D:\Maven\apache-maven_prosi-3.8.3\net\minidev\accessors-smart\2.4.7\accessors-smart-2.4.7.jar;D:\Maven\apache-maven_prosi-3.8.3\org\ow2\asm\asm\9.1\asm-9.1.jar;D:\Maven\apache-maven_prosi-3.8.3\org\slf4j\slf4j-api\1.7.32\slf4j-api-1.7.32.jar;D:\Maven\apache-maven_prosi-3.8.3\jakarta\xml\bind\jakarta.xml.bind-api\2.3.3\jakarta.xml.bind-api-2.3.3.jar;D:\Maven\apache-maven_prosi-3.8.3\jakarta\activation\jakarta.activation-api\1.2.2\jakarta.activation-api-1.2.2.jar;D:\Maven\apache-maven_prosi-3.8.3\org\assertj\assertj-core\3.19.0\assertj-core-3.19.0.jar;D:\Maven\apache-maven_prosi-3.8.3\org\hamcrest\hamcrest\2.2\hamcrest-2.2.jar;D:\Maven\apache-maven_prosi-3.8.3\org\junit\jupiter\junit-jupiter\5.7.2\junit-jupiter-5.7.2.jar;D:\Maven\apache-maven_prosi-3.8.3\org\junit\jupiter\junit-jupiter-api\5.7.2\junit-jupiter-api-5.7.2.jar;D:\Maven\apache-maven_prosi-3.8.3\org\apiguardian\apiguardian-api\1.1.0\apiguardian-api-1.1.0.jar;D:\Maven\apache-maven_prosi-3.8.3\org\opentest4j\opentest4j\1.2.0\opentest4j-1.2.0.jar;D:\Maven\apache-maven_prosi-3.8.3\org\junit\platform\junit-platform-commons\1.7.2\junit-platform-commons-1.7.2.jar;D:\Maven\apache-maven_prosi-3.8.3\org\junit\jupiter\junit-jupiter-params\5.7.2\junit-jupiter-params-5.7.2.jar;D:\Maven\apache-maven_prosi-3.8.3\org\junit\jupiter\junit-jupiter-engine\5.7.2\junit-jupiter-engine-5.7.2.jar;D:\Maven\apache-maven_prosi-3.8.3\org\junit\platform\junit-platform-engine\1.7.2\junit-platform-engine-1.7.2.jar;D:\Maven\apache-maven_prosi-3.8.3\org\mockito\mockito-core\3.9.0\mockito-core-3.9.0.jar;D:\Maven\apache-maven_prosi-3.8.3\net\bytebuddy\byte-buddy\1.10.22\byte-buddy-1.10.22.jar;D:\Maven\apache-maven_prosi-3.8.3\net\bytebuddy\byte-buddy-agent\1.10.22\byte-buddy-agent-1.10.22.jar;D:\Maven\apache-maven_prosi-3.8.3\org\objenesis\objenesis\3.2\objenesis-3.2.jar;D:\Maven\apache-maven_prosi-3.8.3\org\mockito\mockito-junit-jupiter\3.9.0\mockito-junit-jupiter-3.9.0.jar;D:\Maven\apache-maven_prosi-3.8.3\org\skyscreamer\jsonassert\1.5.0\jsonassert-1.5.0.jar;D:\Maven\apache-maven_prosi-3.8.3\com\vaadin\external\google\android-json\0.0.20131108.vaadin1\android-json-0.0.20131108.vaadin1.jar;D:\Maven\apache-maven_prosi-3.8.3\org\springframework\spring-core\5.3.12\spring-core-5.3.12.jar;D:\Maven\apache-maven_prosi-3.8.3\org\springframework\spring-jcl\5.3.12\spring-jcl-5.3.12.jar;D:\Maven\apache-maven_prosi-3.8.3\org\springframework\spring-test\5.3.12\spring-test-5.3.12.jar;D:\Maven\apache-maven_prosi-3.8.3\org\xmlunit\xmlunit-core\2.8.3\xmlunit-core-2.8.3.jar;"/>
    <property name="java.vm.vendor" value="Oracle Corporation"/>
    <property name="sun.arch.data.model" value="64"/>
    <property name="user.variant" value=""/>
    <property name="java.vendor.url" value="http://java.oracle.com/"/>
    <property name="user.timezone" value="Asia/Shanghai"/>
    <property name="java.vm.specification.version" value="1.8"/>
    <property name="os.name" value="Windows 10"/>
    <property name="user.country" value="CN"/>
    <property name="sun.java.launcher" value="SUN_STANDARD"/>
    <property name="sun.boot.library.path" value="D:\Java\jdk8\jre\bin"/>
    <property name="sun.java.command" value="C:\Users\ZHAMIN~1\AppData\Local\Temp\surefire6134583194020141004\surefirebooter30440159336687188.jar C:\Users\ZHAMINGGUO\AppData\Local\Temp\surefire6134583194020141004 2021-11-06T21-47-01_897-jvmRun1 surefire5561408997705903369tmp surefire_02999781578212386665tmp"/>
    <property name="surefire.test.class.path" value="E:\suiyu\backEnginner\spring_boot_helloworld\target\test-classes;E:\suiyu\backEnginner\spring_boot_helloworld\target\classes;D:\Maven\apache-maven_prosi-3.8.3\org\springframework\boot\spring-boot-starter-web\2.5.6\spring-boot-starter-web-2.5.6.jar;D:\Maven\apache-maven_prosi-3.8.3\org\springframework\boot\spring-boot-starter\2.5.6\spring-boot-starter-2.5.6.jar;D:\Maven\apache-maven_prosi-3.8.3\org\springframework\boot\spring-boot\2.5.6\spring-boot-2.5.6.jar;D:\Maven\apache-maven_prosi-3.8.3\org\springframework\boot\spring-boot-autoconfigure\2.5.6\spring-boot-autoconfigure-2.5.6.jar;D:\Maven\apache-maven_prosi-3.8.3\org\springframework\boot\spring-boot-starter-logging\2.5.6\spring-boot-starter-logging-2.5.6.jar;D:\Maven\apache-maven_prosi-3.8.3\ch\qos\logback\logback-classic\1.2.6\logback-classic-1.2.6.jar;D:\Maven\apache-maven_prosi-3.8.3\ch\qos\logback\logback-core\1.2.6\logback-core-1.2.6.jar;D:\Maven\apache-maven_prosi-3.8.3\org\apache\logging\log4j\log4j-to-slf4j\2.14.1\log4j-to-slf4j-2.14.1.jar;D:\Maven\apache-maven_prosi-3.8.3\org\apache\logging\log4j\log4j-api\2.14.1\log4j-api-2.14.1.jar;D:\Maven\apache-maven_prosi-3.8.3\org\slf4j\jul-to-slf4j\1.7.32\jul-to-slf4j-1.7.32.jar;D:\Maven\apache-maven_prosi-3.8.3\jakarta\annotation\jakarta.annotation-api\1.3.5\jakarta.annotation-api-1.3.5.jar;D:\Maven\apache-maven_prosi-3.8.3\org\yaml\snakeyaml\1.28\snakeyaml-1.28.jar;D:\Maven\apache-maven_prosi-3.8.3\org\springframework\boot\spring-boot-starter-json\2.5.6\spring-boot-starter-json-2.5.6.jar;D:\Maven\apache-maven_prosi-3.8.3\com\fasterxml\jackson\core\jackson-databind\2.12.5\jackson-databind-2.12.5.jar;D:\Maven\apache-maven_prosi-3.8.3\com\fasterxml\jackson\core\jackson-annotations\2.12.5\jackson-annotations-2.12.5.jar;D:\Maven\apache-maven_prosi-3.8.3\com\fasterxml\jackson\core\jackson-core\2.12.5\jackson-core-2.12.5.jar;D:\Maven\apache-maven_prosi-3.8.3\com\fasterxml\jackson\datatype\jackson-datatype-jdk8\2.12.5\jackson-datatype-jdk8-2.12.5.jar;D:\Maven\apache-maven_prosi-3.8.3\com\fasterxml\jackson\datatype\jackson-datatype-jsr310\2.12.5\jackson-datatype-jsr310-2.12.5.jar;D:\Maven\apache-maven_prosi-3.8.3\com\fasterxml\jackson\module\jackson-module-parameter-names\2.12.5\jackson-module-parameter-names-2.12.5.jar;D:\Maven\apache-maven_prosi-3.8.3\org\springframework\boot\spring-boot-starter-tomcat\2.5.6\spring-boot-starter-tomcat-2.5.6.jar;D:\Maven\apache-maven_prosi-3.8.3\org\apache\tomcat\embed\tomcat-embed-core\9.0.54\tomcat-embed-core-9.0.54.jar;D:\Maven\apache-maven_prosi-3.8.3\org\apache\tomcat\embed\tomcat-embed-el\9.0.54\tomcat-embed-el-9.0.54.jar;D:\Maven\apache-maven_prosi-3.8.3\org\apache\tomcat\embed\tomcat-embed-websocket\9.0.54\tomcat-embed-websocket-9.0.54.jar;D:\Maven\apache-maven_prosi-3.8.3\org\springframework\spring-web\5.3.12\spring-web-5.3.12.jar;D:\Maven\apache-maven_prosi-3.8.3\org\springframework\spring-beans\5.3.12\spring-beans-5.3.12.jar;D:\Maven\apache-maven_prosi-3.8.3\org\springframework\spring-webmvc\5.3.12\spring-webmvc-5.3.12.jar;D:\Maven\apache-maven_prosi-3.8.3\org\springframework\spring-aop\5.3.12\spring-aop-5.3.12.jar;D:\Maven\apache-maven_prosi-3.8.3\org\springframework\spring-context\5.3.12\spring-context-5.3.12.jar;D:\Maven\apache-maven_prosi-3.8.3\org\springframework\spring-expression\5.3.12\spring-expression-5.3.12.jar;D:\Maven\apache-maven_prosi-3.8.3\org\springframework\boot\spring-boot-starter-test\2.5.6\spring-boot-starter-test-2.5.6.jar;D:\Maven\apache-maven_prosi-3.8.3\org\springframework\boot\spring-boot-test\2.5.6\spring-boot-test-2.5.6.jar;D:\Maven\apache-maven_prosi-3.8.3\org\springframework\boot\spring-boot-test-autoconfigure\2.5.6\spring-boot-test-autoconfigure-2.5.6.jar;D:\Maven\apache-maven_prosi-3.8.3\com\jayway\jsonpath\json-path\2.5.0\json-path-2.5.0.jar;D:\Maven\apache-maven_prosi-3.8.3\net\minidev\json-smart\2.4.7\json-smart-2.4.7.jar;D:\Maven\apache-maven_prosi-3.8.3\net\minidev\accessors-smart\2.4.7\accessors-smart-2.4.7.jar;D:\Maven\apache-maven_prosi-3.8.3\org\ow2\asm\asm\9.1\asm-9.1.jar;D:\Maven\apache-maven_prosi-3.8.3\org\slf4j\slf4j-api\1.7.32\slf4j-api-1.7.32.jar;D:\Maven\apache-maven_prosi-3.8.3\jakarta\xml\bind\jakarta.xml.bind-api\2.3.3\jakarta.xml.bind-api-2.3.3.jar;D:\Maven\apache-maven_prosi-3.8.3\jakarta\activation\jakarta.activation-api\1.2.2\jakarta.activation-api-1.2.2.jar;D:\Maven\apache-maven_prosi-3.8.3\org\assertj\assertj-core\3.19.0\assertj-core-3.19.0.jar;D:\Maven\apache-maven_prosi-3.8.3\org\hamcrest\hamcrest\2.2\hamcrest-2.2.jar;D:\Maven\apache-maven_prosi-3.8.3\org\junit\jupiter\junit-jupiter\5.7.2\junit-jupiter-5.7.2.jar;D:\Maven\apache-maven_prosi-3.8.3\org\junit\jupiter\junit-jupiter-api\5.7.2\junit-jupiter-api-5.7.2.jar;D:\Maven\apache-maven_prosi-3.8.3\org\apiguardian\apiguardian-api\1.1.0\apiguardian-api-1.1.0.jar;D:\Maven\apache-maven_prosi-3.8.3\org\opentest4j\opentest4j\1.2.0\opentest4j-1.2.0.jar;D:\Maven\apache-maven_prosi-3.8.3\org\junit\platform\junit-platform-commons\1.7.2\junit-platform-commons-1.7.2.jar;D:\Maven\apache-maven_prosi-3.8.3\org\junit\jupiter\junit-jupiter-params\5.7.2\junit-jupiter-params-5.7.2.jar;D:\Maven\apache-maven_prosi-3.8.3\org\junit\jupiter\junit-jupiter-engine\5.7.2\junit-jupiter-engine-5.7.2.jar;D:\Maven\apache-maven_prosi-3.8.3\org\junit\platform\junit-platform-engine\1.7.2\junit-platform-engine-1.7.2.jar;D:\Maven\apache-maven_prosi-3.8.3\org\mockito\mockito-core\3.9.0\mockito-core-3.9.0.jar;D:\Maven\apache-maven_prosi-3.8.3\net\bytebuddy\byte-buddy\1.10.22\byte-buddy-1.10.22.jar;D:\Maven\apache-maven_prosi-3.8.3\net\bytebuddy\byte-buddy-agent\1.10.22\byte-buddy-agent-1.10.22.jar;D:\Maven\apache-maven_prosi-3.8.3\org\objenesis\objenesis\3.2\objenesis-3.2.jar;D:\Maven\apache-maven_prosi-3.8.3\org\mockito\mockito-junit-jupiter\3.9.0\mockito-junit-jupiter-3.9.0.jar;D:\Maven\apache-maven_prosi-3.8.3\org\skyscreamer\jsonassert\1.5.0\jsonassert-1.5.0.jar;D:\Maven\apache-maven_prosi-3.8.3\com\vaadin\external\google\android-json\0.0.20131108.vaadin1\android-json-0.0.20131108.vaadin1.jar;D:\Maven\apache-maven_prosi-3.8.3\org\springframework\spring-core\5.3.12\spring-core-5.3.12.jar;D:\Maven\apache-maven_prosi-3.8.3\org\springframework\spring-jcl\5.3.12\spring-jcl-5.3.12.jar;D:\Maven\apache-maven_prosi-3.8.3\org\springframework\spring-test\5.3.12\spring-test-5.3.12.jar;D:\Maven\apache-maven_prosi-3.8.3\org\xmlunit\xmlunit-core\2.8.3\xmlunit-core-2.8.3.jar;"/>
    <property name="sun.cpu.endian" value="little"/>
    <property name="user.home" value="C:\Users\ZHAMINGGUO"/>
    <property name="user.language" value="zh"/>
    <property name="java.specification.vendor" value="Oracle Corporation"/>
    <property name="java.home" value="D:\Java\jdk8\jre"/>
    <property name="basedir" value="E:\suiyu\backEnginner\spring_boot_helloworld"/>
    <property name="file.separator" value="\"/>
    <property name="line.separator" value="&#10;"/>
    <property name="java.vm.specification.vendor" value="Oracle Corporation"/>
    <property name="java.specification.name" value="Java Platform API Specification"/>
    <property name="java.awt.graphicsenv" value="sun.awt.Win32GraphicsEnvironment"/>
    <property name="surefire.real.class.path" value="C:\Users\ZHAMIN~1\AppData\Local\Temp\surefire6134583194020141004\surefirebooter30440159336687188.jar"/>
    <property name="sun.boot.class.path" value="D:\Java\jdk8\jre\lib\resources.jar;D:\Java\jdk8\jre\lib\rt.jar;D:\Java\jdk8\jre\lib\sunrsasign.jar;D:\Java\jdk8\jre\lib\jsse.jar;D:\Java\jdk8\jre\lib\jce.jar;D:\Java\jdk8\jre\lib\charsets.jar;D:\Java\jdk8\jre\lib\jfr.jar;D:\Java\jdk8\jre\classes"/>
    <property name="user.script" value=""/>
    <property name="sun.management.compiler" value="HotSpot 64-Bit Tiered Compilers"/>
    <property name="java.runtime.version" value="1.8.0_144-b01"/>
    <property name="user.name" value="雨 碎 江 南"/>
    <property name="path.separator" value=";"/>
    <property name="os.version" value="10.0"/>
    <property name="java.endorsed.dirs" value="D:\Java\jdk8\jre\lib\endorsed"/>
    <property name="java.runtime.name" value="Java(TM) SE Runtime Environment"/>
    <property name="file.encoding" value="GBK"/>
    <property name="java.vm.name" value="Java HotSpot(TM) 64-Bit Server VM"/>
    <property name="localRepository" value="D:\Maven\apache-maven_prosi-3.8.3"/>
    <property name="java.vendor.url.bug" value="http://bugreport.sun.com/bugreport/"/>
    <property name="java.io.tmpdir" value="C:\Users\ZHAMIN~1\AppData\Local\Temp\"/>
    <property name="idea.version" value="2017.3.4"/>
    <property name="java.version" value="1.8.0_144"/>
    <property name="user.dir" value="E:\suiyu\backEnginner\spring_boot_helloworld"/>
    <property name="os.arch" value="amd64"/>
    <property name="java.vm.specification.name" value="Java Virtual Machine Specification"/>
    <property name="java.awt.printerjob" value="sun.awt.windows.WPrinterJob"/>
    <property name="sun.os.patch.level" value=""/>
    <property name="java.library.path" value="D:\Java\jdk8\jre\bin;C:\WINDOWS\Sun\Java\bin;C:\WINDOWS\system32;C:\WINDOWS;E:\xshell\;D:\Java\jdk8\bin;C:\WINDOWS\system32;C:\WINDOWS;C:\WINDOWS\System32\Wbem;C:\WINDOWS\System32\WindowsPowerShell\v1.0\;C:\WINDOWS\System32\OpenSSH\;D:\Mysql\mysql-8.0.21-winx64\bin;D:\git bash\Git\cmd;C:\Program Files\nodejs\;D:\Go\bin;D:\mongodb\bin;D:\360Downloads\erlang\erl-23.1\bin;C:\Users\ZHAMINGGUO\AppData\Local\Microsoft\WindowsApps;D:\vs code\Microsoft VS Code\bin;C:\Users\ZHAMINGGUO\AppData\Roaming\npm;C:\Users\ZHAMINGGUO\AppData\Local\Yarn\bin;C:\Users\ZHAMINGGUO\go\bin;D:\mongodb\bin;D:\Maven\apache-maven-3.8.3\bin;;."/>
    <property name="java.vm.info" value="mixed mode"/>
    <property name="java.vendor" value="Oracle Corporation"/>
    <property name="java.vm.version" value="25.144-b01"/>
    <property name="java.ext.dirs" value="D:\Java\jdk8\jre\lib\ext;C:\WINDOWS\Sun\Java\lib\ext"/>
    <property name="sun.io.unicode.encoding" value="UnicodeLittle"/>
    <property name="maven.repo.local" value="D:\Maven\apache-maven_prosi-3.8.3"/>
    <property name="java.class.version" value="52.0"/>
  </properties>
  <testcase name="contextLoads" classname="com.atguigu.spring_boot_helloworld.SpringBootHelloworldApplicationTests" time="0.279"/>
</testsuite>